{"/Users/Anton_Makasiuk/Documents/other/learn/aws-coure/productservice/src/functions/getProductList/handler.ts": {"path":"/Users/Anton_Makasiuk/Documents/other/learn/aws-coure/productservice/src/functions/getProductList/handler.ts","statementMap":{"0":{"start":{"line":1,"column":0},"end":{"line":1,"column":55}},"1":{"start":{"line":2,"column":0},"end":{"line":2,"column":39}},"2":{"start":{"line":3,"column":0},"end":{"line":3,"column":37}},"3":{"start":{"line":6,"column":30},"end":{"line":9,"column":1}},"4":{"start":{"line":7,"column":16},"end":{"line":7,"column":30}},"5":{"start":{"line":8,"column":2},"end":{"line":8,"column":39}},"6":{"start":{"line":6,"column":13},"end":{"line":6,"column":30}},"7":{"start":{"line":11,"column":13},"end":{"line":11,"column":44}}},"fnMap":{"0":{"name":"(anonymous_0)","decl":{"start":{"line":6,"column":30},"end":{"line":6,"column":35}},"loc":{"start":{"line":6,"column":41},"end":{"line":9,"column":1}}}},"branchMap":{},"s":{"0":1,"1":1,"2":1,"3":1,"4":1,"5":1,"6":1,"7":1},"f":{"0":1},"b":{}}
,"/Users/Anton_Makasiuk/Documents/other/learn/aws-coure/productservice/src/libs/api-gateway.ts": {"path":"/Users/Anton_Makasiuk/Documents/other/learn/aws-coure/productservice/src/libs/api-gateway.ts","statementMap":{"0":{"start":{"line":8,"column":34},"end":{"line":18,"column":1}},"1":{"start":{"line":9,"column":2},"end":{"line":17,"column":null}},"2":{"start":{"line":8,"column":13},"end":{"line":8,"column":34}}},"fnMap":{"0":{"name":"(anonymous_0)","decl":{"start":{"line":8,"column":34},"end":{"line":8,"column":35}},"loc":{"start":{"line":8,"column":69},"end":{"line":18,"column":1}}}},"branchMap":{"0":{"loc":{"start":{"line":10,"column":16},"end":{"line":10,"column":29}},"type":"binary-expr","locations":[{"start":{"line":10,"column":16},"end":{"line":10,"column":22}},{"start":{"line":10,"column":26},"end":{"line":10,"column":29}}]}},"s":{"0":1,"1":1,"2":1},"f":{"0":1},"b":{"0":[1,1]}}
,"/Users/Anton_Makasiuk/Documents/other/learn/aws-coure/productservice/src/libs/lambda.ts": {"path":"/Users/Anton_Makasiuk/Documents/other/learn/aws-coure/productservice/src/libs/lambda.ts","statementMap":{"0":{"start":{"line":1,"column":0},"end":{"line":1,"column":31}},"1":{"start":{"line":2,"column":0},"end":{"line":2,"column":62}},"2":{"start":{"line":4,"column":23},"end":{"line":6,"column":1}},"3":{"start":{"line":5,"column":2},"end":{"line":5,"column":null}},"4":{"start":{"line":4,"column":13},"end":{"line":4,"column":23}}},"fnMap":{"0":{"name":"(anonymous_1)","decl":{"start":{"line":4,"column":23},"end":{"line":4,"column":24}},"loc":{"start":{"line":4,"column":35},"end":{"line":6,"column":1}}}},"branchMap":{},"s":{"0":1,"1":1,"2":1,"3":1,"4":1},"f":{"0":1},"b":{}}
,"/Users/Anton_Makasiuk/Documents/other/learn/aws-coure/productservice/src/mocks/index.ts": {"path":"/Users/Anton_Makasiuk/Documents/other/learn/aws-coure/productservice/src/mocks/index.ts","statementMap":{"0":{"start":{"line":8,"column":13},"end":{"line":45,"column":3}}},"fnMap":{},"branchMap":{},"s":{"0":1},"f":{},"b":{}}
}
